<?xml version="1.0" encoding="UTF-8"?>
<!-- Generated by org.testng.reporters.JUnitXMLReporter -->
<testsuite ignored="1" hostname="DESKTOP-IGENIBJ" failures="0" tests="2" name="Test" time="117.589" errors="0" timestamp="2023-06-29T17:51:03 IST">
  <testcase classname="TestingClassPackage.TestingVerifyLogin" name="VerifyLogin" time="5.432"/>
  <testcase classname="TestingClassPackage.TestingVerifyLogin" name="verifySignOut" time="0.029"/>
  <testcase classname="TestingClassPackage.TestingVerifyUserRegistrationAndLogin" name="VerifyUserRegistrationAndLogin" time="0.0">
    <ignored/>
  </testcase> <!-- VerifyUserRegistrationAndLogin -->
</testsuite> <!-- Test -->
