<?xml version="1.0" encoding="UTF-8"?>
<testsuite xmlns:xsi="http://www.w3.org/2001/XMLSchema-instance" xsi:noNamespaceSchemaLocation="https://maven.apache.org/surefire/maven-surefire-plugin/xsd/surefire-test-report-3.0.xsd" version="3.0" name="TestSuite" time="120.52" tests="2" errors="0" skipped="0" failures="0">
  <properties>
[...]
</properties>
  <testcase name="VerifyLogin[Tc@123, Dainik Chandra](1)" classname="TestingClassPackage.TestingVerifyLogin" time="5.454">
    <system-out><![CDATA[On Start method invoked....
[DEBUG] 2023-06-29 17:50:12.433 [main] InternalLoggerFactory - Using Log4J2 as the default logging framework
[DEBUG] 2023-06-29 17:50:12.485 [main] ResourceLeakDetector - -Dio.netty.leakDetection.level: simple
[DEBUG] 2023-06-29 17:50:12.488 [main] ResourceLeakDetector - -Dio.netty.leakDetection.targetRecords: 4
[DEBUG] 2023-06-29 17:50:12.596 [main] ResourceLeakDetectorFactory - Loaded default ResourceLeakDetector: io.netty.util.ResourceLeakDetector@1128620c
[DEBUG] 2023-06-29 17:50:12.688 [main] PlatformDependent0 - -Dio.netty.noUnsafe: false
[DEBUG] 2023-06-29 17:50:12.689 [main] PlatformDependent0 - Java version: 17
[DEBUG] 2023-06-29 17:50:12.693 [main] PlatformDependent0 - sun.misc.Unsafe.theUnsafe: available
[DEBUG] 2023-06-29 17:50:12.697 [main] PlatformDependent0 - sun.misc.Unsafe.copyMemory: available
[DEBUG] 2023-06-29 17:50:12.699 [main] PlatformDependent0 - sun.misc.Unsafe.storeFence: available
[DEBUG] 2023-06-29 17:50:12.701 [main] PlatformDependent0 - java.nio.Buffer.address: available
[DEBUG] 2023-06-29 17:50:12.704 [main] PlatformDependent0 - direct buffer constructor: unavailable
java.lang.UnsupportedOperationException: Reflective setAccessible(true) disabled
	at io.netty.util.internal.ReflectionUtil.trySetAccessible(ReflectionUtil.java:31) ~[netty-common-4.1.91.Final.jar:4.1.91.Final]
	at io.netty.util.internal.PlatformDependent0$5.run(PlatformDependent0.java:288) ~[netty-common-4.1.91.Final.jar:4.1.91.Final]
	at java.security.AccessController.doPrivileged(AccessController.java:318) ~[?:?]
	at io.netty.util.internal.PlatformDependent0.<clinit>(PlatformDependent0.java:282) ~[netty-common-4.1.91.Final.jar:4.1.91.Final]
	at io.netty.util.internal.PlatformDependent.isAndroid(PlatformDependent.java:333) ~[netty-common-4.1.91.Final.jar:4.1.91.Final]
	at io.netty.util.internal.PlatformDependent.<clinit>(PlatformDependent.java:88) ~[netty-common-4.1.91.Final.jar:4.1.91.Final]
	at io.netty.util.HashedWheelTimer.<init>(HashedWheelTimer.java:114) ~[netty-common-4.1.91.Final.jar:4.1.91.Final]
	at io.netty.util.HashedWheelTimer.<init>(HashedWheelTimer.java:251) ~[netty-common-4.1.91.Final.jar:4.1.91.Final]
	at io.netty.util.HashedWheelTimer.<init>(HashedWheelTimer.java:224) ~[netty-common-4.1.91.Final.jar:4.1.91.Final]
	at io.netty.util.HashedWheelTimer.<init>(HashedWheelTimer.java:203) ~[netty-common-4.1.91.Final.jar:4.1.91.Final]
	at org.asynchttpclient.DefaultAsyncHttpClient.newNettyTimer(DefaultAsyncHttpClient.java:111) ~[async-http-client-2.12.3.jar:?]
	at org.asynchttpclient.DefaultAsyncHttpClient.<init>(DefaultAsyncHttpClient.java:90) ~[async-http-client-2.12.3.jar:?]
	at org.asynchttpclient.Dsl.asyncHttpClient(Dsl.java:32) ~[async-http-client-2.12.3.jar:?]
	at org.openqa.selenium.remote.http.netty.NettyClient.createHttpClient(NettyClient.java:94) ~[selenium-remote-driver-4.9.1.jar:?]
	at org.openqa.selenium.remote.http.netty.NettyClient.<clinit>(NettyClient.java:47) ~[selenium-remote-driver-4.9.1.jar:?]
	at org.openqa.selenium.remote.http.netty.NettyClient$Factory.createClient(NettyClient.java:135) ~[selenium-remote-driver-4.9.1.jar:?]
	at org.openqa.selenium.remote.HttpCommandExecutor.<init>(HttpCommandExecutor.java:116) ~[selenium-remote-driver-4.9.1.jar:?]
	at org.openqa.selenium.remote.HttpCommandExecutor.<init>(HttpCommandExecutor.java:94) ~[selenium-remote-driver-4.9.1.jar:?]
	at org.openqa.selenium.remote.service.DriverCommandExecutor.<init>(DriverCommandExecutor.java:88) ~[selenium-remote-driver-4.9.1.jar:?]
	at org.openqa.selenium.chromium.ChromiumDriverCommandExecutor.<init>(ChromiumDriverCommandExecutor.java:40) ~[selenium-chromium-driver-4.9.1.jar:?]
	at org.openqa.selenium.chrome.ChromeDriver$ChromeDriverCommandExecutor.<init>(ChromeDriver.java:111) ~[selenium-chrome-driver-4.9.1.jar:?]
	at org.openqa.selenium.chrome.ChromeDriver.generateExecutor(ChromeDriver.java:101) ~[selenium-chrome-driver-4.9.1.jar:?]
	at org.openqa.selenium.chrome.ChromeDriver.<init>(ChromeDriver.java:88) ~[selenium-chrome-driver-4.9.1.jar:?]
	at org.openqa.selenium.chrome.ChromeDriver.<init>(ChromeDriver.java:84) ~[selenium-chrome-driver-4.9.1.jar:?]
	at org.openqa.selenium.chrome.ChromeDriver.<init>(ChromeDriver.java:52) ~[selenium-chrome-driver-4.9.1.jar:?]
	at BasePackage.BaseClass.setup(BaseClass.java:34) ~[test-classes/:?]
	at jdk.internal.reflect.NativeMethodAccessorImpl.invoke0(Native Method) ~[?:?]
	at jdk.internal.reflect.NativeMethodAccessorImpl.invoke(NativeMethodAccessorImpl.java:77) ~[?:?]
	at jdk.internal.reflect.DelegatingMethodAccessorImpl.invoke(DelegatingMethodAccessorImpl.java:43) ~[?:?]
	at java.lang.reflect.Method.invoke(Method.java:568) ~[?:?]
	at org.testng.internal.MethodInvocationHelper.invokeMethod(MethodInvocationHelper.java:133) ~[testng-7.4.0.jar:7.4.0]
	at org.testng.internal.MethodInvocationHelper.invokeMethodConsideringTimeout(MethodInvocationHelper.java:62) ~[testng-7.4.0.jar:7.4.0]
	at org.testng.internal.ConfigInvoker.invokeConfigurationMethod(ConfigInvoker.java:385) ~[testng-7.4.0.jar:7.4.0]
	at org.testng.internal.ConfigInvoker.invokeConfigurations(ConfigInvoker.java:321) ~[testng-7.4.0.jar:7.4.0]
	at org.testng.internal.TestMethodWorker.invokeBeforeClassMethods(TestMethodWorker.java:176) ~[testng-7.4.0.jar:7.4.0]
	at org.testng.internal.TestMethodWorker.run(TestMethodWorker.java:122) ~[testng-7.4.0.jar:7.4.0]
	at java.util.ArrayList.forEach(ArrayList.java:1511) [?:?]
	at org.testng.TestRunner.privateRun(TestRunner.java:794) [testng-7.4.0.jar:7.4.0]
	at org.testng.TestRunner.run(TestRunner.java:596) [testng-7.4.0.jar:7.4.0]
	at org.testng.SuiteRunner.runTest(SuiteRunner.java:377) [testng-7.4.0.jar:7.4.0]
	at org.testng.SuiteRunner.runSequentially(SuiteRunner.java:371) [testng-7.4.0.jar:7.4.0]
	at org.testng.SuiteRunner.privateRun(SuiteRunner.java:332) [testng-7.4.0.jar:7.4.0]
	at org.testng.SuiteRunner.run(SuiteRunner.java:276) [testng-7.4.0.jar:7.4.0]
	at org.testng.SuiteRunnerWorker.runSuite(SuiteRunnerWorker.java:53) [testng-7.4.0.jar:7.4.0]
	at org.testng.SuiteRunnerWorker.run(SuiteRunnerWorker.java:96) [testng-7.4.0.jar:7.4.0]
	at org.testng.TestNG.runSuitesSequentially(TestNG.java:1212) [testng-7.4.0.jar:7.4.0]
	at org.testng.TestNG.runSuitesLocally(TestNG.java:1134) [testng-7.4.0.jar:7.4.0]
	at org.testng.TestNG.runSuites(TestNG.java:1063) [testng-7.4.0.jar:7.4.0]
	at org.testng.TestNG.run(TestNG.java:1031) [testng-7.4.0.jar:7.4.0]
	at org.apache.maven.surefire.testng.TestNGExecutor.run(TestNGExecutor.java:324) [surefire-testng-3.0.0-M6.jar:3.0.0-M6]
	at org.apache.maven.surefire.testng.TestNGXmlTestSuite.execute(TestNGXmlTestSuite.java:74) [surefire-testng-3.0.0-M6.jar:3.0.0-M6]
	at org.apache.maven.surefire.testng.TestNGProvider.invoke(TestNGProvider.java:123) [surefire-testng-3.0.0-M6.jar:3.0.0-M6]
	at org.apache.maven.surefire.booter.ForkedBooter.runSuitesInProcess(ForkedBooter.java:456) [surefire-booter-3.0.0-M6.jar:3.0.0-M6]
	at org.apache.maven.surefire.booter.ForkedBooter.execute(ForkedBooter.java:169) [surefire-booter-3.0.0-M6.jar:3.0.0-M6]
	at org.apache.maven.surefire.booter.ForkedBooter.run(ForkedBooter.java:595) [surefire-booter-3.0.0-M6.jar:3.0.0-M6]
	at org.apache.maven.surefire.booter.ForkedBooter.main(ForkedBooter.java:581) [surefire-booter-3.0.0-M6.jar:3.0.0-M6]
[DEBUG] 2023-06-29 17:50:12.752 [main] PlatformDependent0 - java.nio.Bits.unaligned: available, true
[DEBUG] 2023-06-29 17:50:12.754 [main] PlatformDependent0 - jdk.internal.misc.Unsafe.allocateUninitializedArray(int): unavailable
java.lang.IllegalAccessException: class io.netty.util.internal.PlatformDependent0$7 cannot access class jdk.internal.misc.Unsafe (in module java.base) because module java.base does not export jdk.internal.misc to unnamed module @1a0dcaa
	at jdk.internal.reflect.Reflection.newIllegalAccessException(Reflection.java:392) ~[?:?]
	at java.lang.reflect.AccessibleObject.checkAccess(AccessibleObject.java:674) ~[?:?]
	at java.lang.reflect.Method.invoke(Method.java:560) ~[?:?]
	at io.netty.util.internal.PlatformDependent0$7.run(PlatformDependent0.java:410) ~[netty-common-4.1.91.Final.jar:4.1.91.Final]
	at java.security.AccessController.doPrivileged(AccessController.java:318) ~[?:?]
	at io.netty.util.internal.PlatformDependent0.<clinit>(PlatformDependent0.java:401) ~[netty-common-4.1.91.Final.jar:4.1.91.Final]
	at io.netty.util.internal.PlatformDependent.isAndroid(PlatformDependent.java:333) ~[netty-common-4.1.91.Final.jar:4.1.91.Final]
	at io.netty.util.internal.PlatformDependent.<clinit>(PlatformDependent.java:88) ~[netty-common-4.1.91.Final.jar:4.1.91.Final]
	at io.netty.util.HashedWheelTimer.<init>(HashedWheelTimer.java:114) ~[netty-common-4.1.91.Final.jar:4.1.91.Final]
	at io.netty.util.HashedWheelTimer.<init>(HashedWheelTimer.java:251) ~[netty-common-4.1.91.Final.jar:4.1.91.Final]
	at io.netty.util.HashedWheelTimer.<init>(HashedWheelTimer.java:224) ~[netty-common-4.1.91.Final.jar:4.1.91.Final]
	at io.netty.util.HashedWheelTimer.<init>(HashedWheelTimer.java:203) ~[netty-common-4.1.91.Final.jar:4.1.91.Final]
	at org.asynchttpclient.DefaultAsyncHttpClient.newNettyTimer(DefaultAsyncHttpClient.java:111) ~[async-http-client-2.12.3.jar:?]
	at org.asynchttpclient.DefaultAsyncHttpClient.<init>(DefaultAsyncHttpClient.java:90) ~[async-http-client-2.12.3.jar:?]
	at org.asynchttpclient.Dsl.asyncHttpClient(Dsl.java:32) ~[async-http-client-2.12.3.jar:?]
	at org.openqa.selenium.remote.http.netty.NettyClient.createHttpClient(NettyClient.java:94) ~[selenium-remote-driver-4.9.1.jar:?]
	at org.openqa.selenium.remote.http.netty.NettyClient.<clinit>(NettyClient.java:47) ~[selenium-remote-driver-4.9.1.jar:?]
	at org.openqa.selenium.remote.http.netty.NettyClient$Factory.createClient(NettyClient.java:135) ~[selenium-remote-driver-4.9.1.jar:?]
	at org.openqa.selenium.remote.HttpCommandExecutor.<init>(HttpCommandExecutor.java:116) ~[selenium-remote-driver-4.9.1.jar:?]
	at org.openqa.selenium.remote.HttpCommandExecutor.<init>(HttpCommandExecutor.java:94) ~[selenium-remote-driver-4.9.1.jar:?]
	at org.openqa.selenium.remote.service.DriverCommandExecutor.<init>(DriverCommandExecutor.java:88) ~[selenium-remote-driver-4.9.1.jar:?]
	at org.openqa.selenium.chromium.ChromiumDriverCommandExecutor.<init>(ChromiumDriverCommandExecutor.java:40) ~[selenium-chromium-driver-4.9.1.jar:?]
	at org.openqa.selenium.chrome.ChromeDriver$ChromeDriverCommandExecutor.<init>(ChromeDriver.java:111) ~[selenium-chrome-driver-4.9.1.jar:?]
	at org.openqa.selenium.chrome.ChromeDriver.generateExecutor(ChromeDriver.java:101) ~[selenium-chrome-driver-4.9.1.jar:?]
	at org.openqa.selenium.chrome.ChromeDriver.<init>(ChromeDriver.java:88) ~[selenium-chrome-driver-4.9.1.jar:?]
	at org.openqa.selenium.chrome.ChromeDriver.<init>(ChromeDriver.java:84) ~[selenium-chrome-driver-4.9.1.jar:?]
	at org.openqa.selenium.chrome.ChromeDriver.<init>(ChromeDriver.java:52) ~[selenium-chrome-driver-4.9.1.jar:?]
	at BasePackage.BaseClass.setup(BaseClass.java:34) ~[test-classes/:?]
	at jdk.internal.reflect.NativeMethodAccessorImpl.invoke0(Native Method) ~[?:?]
	at jdk.internal.reflect.NativeMethodAccessorImpl.invoke(NativeMethodAccessorImpl.java:77) ~[?:?]
	at jdk.internal.reflect.DelegatingMethodAccessorImpl.invoke(DelegatingMethodAccessorImpl.java:43) ~[?:?]
	at java.lang.reflect.Method.invoke(Method.java:568) ~[?:?]
	at org.testng.internal.MethodInvocationHelper.invokeMethod(MethodInvocationHelper.java:133) ~[testng-7.4.0.jar:7.4.0]
	at org.testng.internal.MethodInvocationHelper.invokeMethodConsideringTimeout(MethodInvocationHelper.java:62) ~[testng-7.4.0.jar:7.4.0]
	at org.testng.internal.ConfigInvoker.invokeConfigurationMethod(ConfigInvoker.java:385) ~[testng-7.4.0.jar:7.4.0]
	at org.testng.internal.ConfigInvoker.invokeConfigurations(ConfigInvoker.java:321) ~[testng-7.4.0.jar:7.4.0]
	at org.testng.internal.TestMethodWorker.invokeBeforeClassMethods(TestMethodWorker.java:176) ~[testng-7.4.0.jar:7.4.0]
	at org.testng.internal.TestMethodWorker.run(TestMethodWorker.java:122) ~[testng-7.4.0.jar:7.4.0]
	at java.util.ArrayList.forEach(ArrayList.java:1511) [?:?]
	at org.testng.TestRunner.privateRun(TestRunner.java:794) [testng-7.4.0.jar:7.4.0]
	at org.testng.TestRunner.run(TestRunner.java:596) [testng-7.4.0.jar:7.4.0]
	at org.testng.SuiteRunner.runTest(SuiteRunner.java:377) [testng-7.4.0.jar:7.4.0]
	at org.testng.SuiteRunner.runSequentially(SuiteRunner.java:371) [testng-7.4.0.jar:7.4.0]
	at org.testng.SuiteRunner.privateRun(SuiteRunner.java:332) [testng-7.4.0.jar:7.4.0]
	at org.testng.SuiteRunner.run(SuiteRunner.java:276) [testng-7.4.0.jar:7.4.0]
	at org.testng.SuiteRunnerWorker.runSuite(SuiteRunnerWorker.java:53) [testng-7.4.0.jar:7.4.0]
	at org.testng.SuiteRunnerWorker.run(SuiteRunnerWorker.java:96) [testng-7.4.0.jar:7.4.0]
	at org.testng.TestNG.runSuitesSequentially(TestNG.java:1212) [testng-7.4.0.jar:7.4.0]
	at org.testng.TestNG.runSuitesLocally(TestNG.java:1134) [testng-7.4.0.jar:7.4.0]
	at org.testng.TestNG.runSuites(TestNG.java:1063) [testng-7.4.0.jar:7.4.0]
	at org.testng.TestNG.run(TestNG.java:1031) [testng-7.4.0.jar:7.4.0]
	at org.apache.maven.surefire.testng.TestNGExecutor.run(TestNGExecutor.java:324) [surefire-testng-3.0.0-M6.jar:3.0.0-M6]
	at org.apache.maven.surefire.testng.TestNGXmlTestSuite.execute(TestNGXmlTestSuite.java:74) [surefire-testng-3.0.0-M6.jar:3.0.0-M6]
	at org.apache.maven.surefire.testng.TestNGProvider.invoke(TestNGProvider.java:123) [surefire-testng-3.0.0-M6.jar:3.0.0-M6]
	at org.apache.maven.surefire.booter.ForkedBooter.runSuitesInProcess(ForkedBooter.java:456) [surefire-booter-3.0.0-M6.jar:3.0.0-M6]
	at org.apache.maven.surefire.booter.ForkedBooter.execute(ForkedBooter.java:169) [surefire-booter-3.0.0-M6.jar:3.0.0-M6]
	at org.apache.maven.surefire.booter.ForkedBooter.run(ForkedBooter.java:595) [surefire-booter-3.0.0-M6.jar:3.0.0-M6]
	at org.apache.maven.surefire.booter.ForkedBooter.main(ForkedBooter.java:581) [surefire-booter-3.0.0-M6.jar:3.0.0-M6]
[DEBUG] 2023-06-29 17:50:12.765 [main] PlatformDependent0 - java.nio.DirectByteBuffer.<init>(long, int): unavailable
[DEBUG] 2023-06-29 17:50:12.765 [main] PlatformDependent - sun.misc.Unsafe: available
[DEBUG] 2023-06-29 17:50:12.766 [main] PlatformDependent - maxDirectMemory: 1040187392 bytes (maybe)
[DEBUG] 2023-06-29 17:50:12.767 [main] PlatformDependent - -Dio.netty.tmpdir: C:\Users\PRACHI\AppData\Local\Temp (java.io.tmpdir)
[DEBUG] 2023-06-29 17:50:12.767 [main] PlatformDependent - -Dio.netty.bitMode: 64 (sun.arch.data.model)
[DEBUG] 2023-06-29 17:50:12.768 [main] PlatformDependent - Platform: Windows
[DEBUG] 2023-06-29 17:50:12.770 [main] PlatformDependent - -Dio.netty.maxDirectMemory: -1 bytes
[DEBUG] 2023-06-29 17:50:12.771 [main] PlatformDependent - -Dio.netty.uninitializedArrayAllocationThreshold: -1
[DEBUG] 2023-06-29 17:50:12.775 [main] CleanerJava9 - java.nio.ByteBuffer.cleaner(): available
[DEBUG] 2023-06-29 17:50:12.775 [main] PlatformDependent - -Dio.netty.noPreferDirect: false
[DEBUG] 2023-06-29 17:50:12.801 [main] PlatformDependent - org.jctools-core.MpscChunkedArrayQueue: available
[DEBUG] 2023-06-29 17:50:12.976 [main] InternalThreadLocalMap - -Dio.netty.threadLocalMap.stringBuilder.initialSize: 1024
[DEBUG] 2023-06-29 17:50:12.976 [main] InternalThreadLocalMap - -Dio.netty.threadLocalMap.stringBuilder.maxSize: 4096
[DEBUG] 2023-06-29 17:50:13.417 [main] JdkSslContext - Default protocols (JDK): [TLSv1.3, TLSv1.2] 
[DEBUG] 2023-06-29 17:50:13.417 [main] JdkSslContext - Default cipher suites (JDK): [TLS_ECDHE_ECDSA_WITH_AES_256_GCM_SHA384, TLS_ECDHE_ECDSA_WITH_AES_128_GCM_SHA256, TLS_ECDHE_RSA_WITH_AES_128_GCM_SHA256, TLS_ECDHE_RSA_WITH_AES_256_GCM_SHA384, TLS_ECDHE_RSA_WITH_AES_128_CBC_SHA, TLS_ECDHE_RSA_WITH_AES_256_CBC_SHA, TLS_RSA_WITH_AES_128_GCM_SHA256, TLS_RSA_WITH_AES_128_CBC_SHA, TLS_RSA_WITH_AES_256_CBC_SHA, TLS_AES_128_GCM_SHA256, TLS_AES_256_GCM_SHA384]
[DEBUG] 2023-06-29 17:50:13.466 [main] GlobalEventExecutor - -Dio.netty.globalEventExecutor.quietPeriodSeconds: 1
[DEBUG] 2023-06-29 17:50:13.515 [main] MultithreadEventLoopGroup - -Dio.netty.eventLoopThreads: 8
[DEBUG] 2023-06-29 17:50:13.547 [main] NioEventLoop - -Dio.netty.noKeySetOptimization: false
[DEBUG] 2023-06-29 17:50:13.547 [main] NioEventLoop - -Dio.netty.selectorAutoRebuildThreshold: 512
[TRACE] 2023-06-29 17:50:13.682 [main] NioEventLoop - instrumented a special java.util.Set into: sun.nio.ch.WEPollSelectorImpl@475646d4
[TRACE] 2023-06-29 17:50:13.691 [main] NioEventLoop - instrumented a special java.util.Set into: sun.nio.ch.WEPollSelectorImpl@181e72d3
[TRACE] 2023-06-29 17:50:13.697 [main] NioEventLoop - instrumented a special java.util.Set into: sun.nio.ch.WEPollSelectorImpl@6ec7bce0
[TRACE] 2023-06-29 17:50:13.704 [main] NioEventLoop - instrumented a special java.util.Set into: sun.nio.ch.WEPollSelectorImpl@2d272b0d
[TRACE] 2023-06-29 17:50:13.719 [main] NioEventLoop - instrumented a special java.util.Set into: sun.nio.ch.WEPollSelectorImpl@3727f0ee
[TRACE] 2023-06-29 17:50:13.729 [main] NioEventLoop - instrumented a special java.util.Set into: sun.nio.ch.WEPollSelectorImpl@5c448433
[TRACE] 2023-06-29 17:50:13.734 [main] NioEventLoop - instrumented a special java.util.Set into: sun.nio.ch.WEPollSelectorImpl@fb713e7
[TRACE] 2023-06-29 17:50:13.739 [main] NioEventLoop - instrumented a special java.util.Set into: sun.nio.ch.WEPollSelectorImpl@1b5c3e5f
[DEBUG] 2023-06-29 17:50:13.867 [main] PooledByteBufAllocator - -Dio.netty.allocator.numHeapArenas: 8
[DEBUG] 2023-06-29 17:50:13.868 [main] PooledByteBufAllocator - -Dio.netty.allocator.numDirectArenas: 8
[DEBUG] 2023-06-29 17:50:13.868 [main] PooledByteBufAllocator - -Dio.netty.allocator.pageSize: 8192
[DEBUG] 2023-06-29 17:50:13.868 [main] PooledByteBufAllocator - -Dio.netty.allocator.maxOrder: 9
[DEBUG] 2023-06-29 17:50:13.868 [main] PooledByteBufAllocator - -Dio.netty.allocator.chunkSize: 4194304
[DEBUG] 2023-06-29 17:50:13.869 [main] PooledByteBufAllocator - -Dio.netty.allocator.smallCacheSize: 256
[DEBUG] 2023-06-29 17:50:13.869 [main] PooledByteBufAllocator - -Dio.netty.allocator.normalCacheSize: 64
[DEBUG] 2023-06-29 17:50:13.870 [main] PooledByteBufAllocator - -Dio.netty.allocator.maxCachedBufferCapacity: 32768
[DEBUG] 2023-06-29 17:50:13.870 [main] PooledByteBufAllocator - -Dio.netty.allocator.cacheTrimInterval: 8192
[DEBUG] 2023-06-29 17:50:13.870 [main] PooledByteBufAllocator - -Dio.netty.allocator.cacheTrimIntervalMillis: 0
[DEBUG] 2023-06-29 17:50:13.871 [main] PooledByteBufAllocator - -Dio.netty.allocator.useCacheForAllThreads: false
[DEBUG] 2023-06-29 17:50:13.872 [main] PooledByteBufAllocator - -Dio.netty.allocator.maxCachedByteBuffersPerChunk: 1023
[DEBUG] 2023-06-29 17:50:13.910 [main] ByteBufUtil - -Dio.netty.allocator.type: pooled
[DEBUG] 2023-06-29 17:50:13.911 [main] ByteBufUtil - -Dio.netty.threadLocalDirectBufferSize: 0
[DEBUG] 2023-06-29 17:50:13.911 [main] ByteBufUtil - -Dio.netty.maxThreadLocalCharBufferSize: 16384
[DEBUG] 2023-06-29 17:50:16.896 [Forwarding newSession on session null to remote] DefaultChannelId - -Dio.netty.processId: 3260 (auto-detected)
[DEBUG] 2023-06-29 17:50:16.901 [Forwarding newSession on session null to remote] NetUtil - -Djava.net.preferIPv4Stack: false
[DEBUG] 2023-06-29 17:50:16.902 [Forwarding newSession on session null to remote] NetUtil - -Djava.net.preferIPv6Addresses: false
[DEBUG] 2023-06-29 17:50:16.922 [Forwarding newSession on session null to remote] NetUtilInitializations - Loopback interface: lo (Software Loopback Interface 1, 127.0.0.1)
[DEBUG] 2023-06-29 17:50:16.928 [Forwarding newSession on session null to remote] NetUtil - Failed to get SOMAXCONN from sysctl and file \proc\sys\net\core\somaxconn. Default: 200
[DEBUG] 2023-06-29 17:50:16.974 [Forwarding newSession on session null to remote] DefaultChannelId - -Dio.netty.machineId: 5c:ea:1d:ff:fe:06:b7:59 (auto-detected)
[DEBUG] 2023-06-29 17:50:17.178 [AsyncHttpClient-1-2] AbstractByteBuf - -Dio.netty.buffer.checkAccessible: true
[DEBUG] 2023-06-29 17:50:17.179 [AsyncHttpClient-1-2] AbstractByteBuf - -Dio.netty.buffer.checkBounds: true
[DEBUG] 2023-06-29 17:50:17.181 [AsyncHttpClient-1-2] ResourceLeakDetectorFactory - Loaded default ResourceLeakDetector: io.netty.util.ResourceLeakDetector@57e81607
[DEBUG] 2023-06-29 17:50:17.399 [AsyncHttpClient-1-2] Recycler - -Dio.netty.recycler.maxCapacityPerThread: 4096
[DEBUG] 2023-06-29 17:50:17.399 [AsyncHttpClient-1-2] Recycler - -Dio.netty.recycler.ratio: 8
[DEBUG] 2023-06-29 17:50:17.400 [AsyncHttpClient-1-2] Recycler - -Dio.netty.recycler.chunkSize: 32
[DEBUG] 2023-06-29 17:50:17.400 [AsyncHttpClient-1-2] Recycler - -Dio.netty.recycler.blocking: false
[DEBUG] 2023-06-29 17:50:17.400 [AsyncHttpClient-1-2] Recycler - -Dio.netty.recycler.batchFastThreadLocalOnly: true
[DEBUG] 2023-06-29 17:50:36.996 [AsyncHttpClient-1-2] Brotli - brotli4j not in the classpath; Brotli support will be unavailable.
[DEBUG] 2023-06-29 17:50:38.547 [main] ThreadLocalRandom - -Dio.netty.initialSeedUniquifier: 0x3f49733f42bfc654
[INFO ] 2023-06-29 17:50:39.201 [main] MyStore - Browser launched.............
[INFO ] 2023-06-29 17:50:47.601 [main] MyStore - Base url opened...........
[DEBUG] 2023-06-29 17:50:51.836 [main] PackageRelationshipCollection - Parsing relationship: /xl/_rels/workbook.xml.rels
[DEBUG] 2023-06-29 17:50:51.855 [main] PackageRelationshipCollection - Parsing relationship: /xl/worksheets/_rels/sheet1.xml.rels
[DEBUG] 2023-06-29 17:50:51.865 [main] PackageRelationshipCollection - Parsing relationship: /xl/worksheets/_rels/sheet2.xml.rels
[DEBUG] 2023-06-29 17:50:51.868 [main] PackageRelationshipCollection - Parsing relationship: /_rels/.rels
[TRACE] 2023-06-29 17:50:53.485 [main] XBeanDebug - Loading type system org.apache.poi.schemas.ooxml.system.ooxml
[TRACE] 2023-06-29 17:50:53.503 [main] XBeanDebug - Loading type system org.apache.xmlbeans.metadata.system.sXMLCONFIG
[TRACE] 2023-06-29 17:50:53.508 [main] XBeanDebug - Loading type system org.apache.xmlbeans.metadata.system.sXMLLANG
[TRACE] 2023-06-29 17:50:53.513 [main] XBeanDebug - Loading type system org.apache.xmlbeans.metadata.system.sXMLSCHEMA
[TRACE] 2023-06-29 17:50:53.518 [main] XBeanDebug - Loading type system org.apache.xmlbeans.metadata.system.sXMLTOOLS
[TRACE] 2023-06-29 17:50:53.523 [main] XBeanDebug - Reading unresolved handles for type system org.apache.xmlbeans.metadata.system.sXMLTOOLS
[TRACE] 2023-06-29 17:50:53.611 [main] XBeanDebug - Finished loading type system org.apache.xmlbeans.metadata.system.sXMLTOOLS
[TRACE] 2023-06-29 17:50:53.612 [main] XBeanDebug - Reading unresolved handles for type system org.apache.xmlbeans.metadata.system.sXMLSCHEMA
[TRACE] 2023-06-29 17:50:53.626 [main] XBeanDebug - Finished loading type system org.apache.xmlbeans.metadata.system.sXMLSCHEMA
[TRACE] 2023-06-29 17:50:53.632 [main] XBeanDebug - Reading unresolved handles for type system org.apache.xmlbeans.metadata.system.sXMLLANG
[TRACE] 2023-06-29 17:50:53.634 [main] XBeanDebug - Finished loading type system org.apache.xmlbeans.metadata.system.sXMLLANG
[TRACE] 2023-06-29 17:50:53.637 [main] XBeanDebug - Reading unresolved handles for type system org.apache.xmlbeans.metadata.system.sXMLCONFIG
[TRACE] 2023-06-29 17:50:53.639 [main] XBeanDebug - Finished loading type system org.apache.xmlbeans.metadata.system.sXMLCONFIG
[TRACE] 2023-06-29 17:50:53.641 [main] XBeanDebug - Reading unresolved handles for type system org.apache.poi.schemas.ooxml.system.ooxml
[TRACE] 2023-06-29 17:50:53.808 [main] XBeanDebug - Finished loading type system org.apache.poi.schemas.ooxml.system.ooxml
[TRACE] 2023-06-29 17:50:53.810 [main] XBeanDebug - Resolving type for handle themefd26doctype
[TRACE] 2023-06-29 17:50:55.016 [main] XBeanDebug - Resolving type for handle stylesheet5d8bdoctype
[TRACE] 2023-06-29 17:50:55.061 [main] XBeanDebug - Resolving type for handle ctstylesheet4257type
[TRACE] 2023-06-29 17:50:55.081 [main] XBeanDebug - Resolving type for handle ctfonts6623type
[TRACE] 2023-06-29 17:50:55.090 [main] XBeanDebug - Resolving type for handle ctfont14d8type
[TRACE] 2023-06-29 17:50:55.132 [main] XBeanDebug - Resolving type for handle ctfills2c6ftype
[TRACE] 2023-06-29 17:50:55.137 [main] XBeanDebug - Resolving type for handle ctfill550ctype
[TRACE] 2023-06-29 17:50:55.148 [main] XBeanDebug - Resolving type for handle ctborders0d66type
[TRACE] 2023-06-29 17:50:55.158 [main] XBeanDebug - Resolving type for handle ctborderf935type
[TRACE] 2023-06-29 17:50:55.172 [main] XBeanDebug - Resolving type for handle ctcellxfs1322type
[TRACE] 2023-06-29 17:50:55.195 [main] XBeanDebug - Resolving type for handle ctxf97f7type
[TRACE] 2023-06-29 17:50:55.212 [main] XBeanDebug - Resolving type for handle ctcellstylexfsa81ftype
[TRACE] 2023-06-29 17:50:55.221 [main] XBeanDebug - Resolving type for handle ctdxfsb26atype
[TRACE] 2023-06-29 17:50:55.234 [main] XBeanDebug - Resolving type for handle cttablestyles872ftype
[TRACE] 2023-06-29 17:50:55.251 [main] XBeanDebug - Resolving type for handle sstf81fdoctype
[TRACE] 2023-06-29 17:50:55.270 [main] XBeanDebug - Resolving type for handle ctsst44f3type
[TRACE] 2023-06-29 17:50:55.308 [main] XBeanDebug - Resolving type for handle ctrsta472type
[DEBUG] 2023-06-29 17:50:55.539 [main] POIXMLFactory - using default POIXMLDocumentPart for http://schemas.openxmlformats.org/officeDocument/2006/relationships/printerSettings
[TRACE] 2023-06-29 17:50:55.541 [main] XBeanDebug - Resolving type for handle workbookec17doctype
[TRACE] 2023-06-29 17:50:55.739 [main] XBeanDebug - Resolving type for handle ctworkbook83c3type
[TRACE] 2023-06-29 17:50:55.904 [main] XBeanDebug - Resolving type for handle ctsheets49fdtype
[TRACE] 2023-06-29 17:50:55.921 [main] XBeanDebug - Resolving type for handle ctsheet4dbetype
[TRACE] 2023-06-29 17:50:55.928 [main] XBeanDebug - Resolving type for handle strelationshipid1e94type
[TRACE] 2023-06-29 17:50:55.992 [main] XBeanDebug - Resolving type for handle worksheetf539doctype
[TRACE] 2023-06-29 17:50:56.008 [main] XBeanDebug - Resolving type for handle ctworksheet530dtype
[TRACE] 2023-06-29 17:50:56.033 [main] XBeanDebug - Resolving type for handle ctsheetdata8408type
[TRACE] 2023-06-29 17:50:56.044 [main] XBeanDebug - Resolving type for handle ctrowdd39type
[TRACE] 2023-06-29 17:50:56.057 [main] XBeanDebug - Resolving type for handle ctcell842btype
[TRACE] 2023-06-29 17:50:56.089 [main] XBeanDebug - Resolving type for handle stcellrefe4e0type
[TRACE] 2023-06-29 17:50:56.149 [main] XBeanDebug - Resolving type for handle ctcols627ctype
[TRACE] 2023-06-29 17:50:56.163 [main] XBeanDebug - Resolving type for handle ctcola95ftype
[TRACE] 2023-06-29 17:50:56.227 [main] XBeanDebug - Resolving type for handle cthyperlinks6416type
[TRACE] 2023-06-29 17:50:56.235 [main] XBeanDebug - Resolving type for handle cthyperlink0c85type
[TRACE] 2023-06-29 17:50:56.276 [main] XBeanDebug - Resolving type for handle stxstringf179type
[DEBUG] 2023-06-29 17:50:56.301 [main] PackageRelationshipCollection - Parsing relationship: /xl/_rels/workbook.xml.rels
[DEBUG] 2023-06-29 17:50:56.304 [main] PackageRelationshipCollection - Parsing relationship: /xl/worksheets/_rels/sheet1.xml.rels
[DEBUG] 2023-06-29 17:50:56.307 [main] PackageRelationshipCollection - Parsing relationship: /xl/worksheets/_rels/sheet2.xml.rels
[DEBUG] 2023-06-29 17:50:56.309 [main] PackageRelationshipCollection - Parsing relationship: /_rels/.rels
[DEBUG] 2023-06-29 17:50:56.347 [main] POIXMLFactory - using default POIXMLDocumentPart for http://schemas.openxmlformats.org/officeDocument/2006/relationships/printerSettings
[DEBUG] 2023-06-29 17:50:56.402 [main] PackageRelationshipCollection - Parsing relationship: /xl/_rels/workbook.xml.rels
[DEBUG] 2023-06-29 17:50:56.404 [main] PackageRelationshipCollection - Parsing relationship: /xl/worksheets/_rels/sheet1.xml.rels
[DEBUG] 2023-06-29 17:50:56.409 [main] PackageRelationshipCollection - Parsing relationship: /xl/worksheets/_rels/sheet2.xml.rels
[DEBUG] 2023-06-29 17:50:56.410 [main] PackageRelationshipCollection - Parsing relationship: /_rels/.rels
[DEBUG] 2023-06-29 17:50:56.437 [main] POIXMLFactory - using default POIXMLDocumentPart for http://schemas.openxmlformats.org/officeDocument/2006/relationships/printerSettings
[TRACE] 2023-06-29 17:50:56.471 [main] XBeanDebug - Resolving type for handle stcelltypebf95type
[DEBUG] 2023-06-29 17:50:56.574 [main] PackageRelationshipCollection - Parsing relationship: /xl/_rels/workbook.xml.rels
[DEBUG] 2023-06-29 17:50:56.576 [main] PackageRelationshipCollection - Parsing relationship: /xl/worksheets/_rels/sheet1.xml.rels
[DEBUG] 2023-06-29 17:50:56.578 [main] PackageRelationshipCollection - Parsing relationship: /xl/worksheets/_rels/sheet2.xml.rels
[DEBUG] 2023-06-29 17:50:56.580 [main] PackageRelationshipCollection - Parsing relationship: /_rels/.rels
[DEBUG] 2023-06-29 17:50:56.603 [main] POIXMLFactory - using default POIXMLDocumentPart for http://schemas.openxmlformats.org/officeDocument/2006/relationships/printerSettings
Name of test method started:VerifyLogin
[INFO ] 2023-06-29 17:50:56.657 [main] MyStore - //////////////////Verify LogIn.../////////////////////
[INFO ] 2023-06-29 17:50:58.807 [main] MyStore - Clicked On Sign in......
[INFO ] 2023-06-29 17:50:59.270 [main] MyStore - Email entered....
[INFO ] 2023-06-29 17:50:59.402 [main] MyStore - Password entered......
[INFO ] 2023-06-29 17:51:00.596 [main] MyStore - Clicked on Sign In.....
[INFO ] 2023-06-29 17:51:00.764 [main] MyStore - Verified expected username is passed.......
[INFO ] 2023-06-29 17:51:02.082 [main] MyStore - User is Sign out...........
]]></system-out>
    <system-err><![CDATA[SLF4J: No SLF4J providers were found.
SLF4J: Defaulting to no-operation (NOP) logger implementation
SLF4J: See https://www.slf4j.org/codes.html#noProviders for further details.
Starting ChromeDriver 114.0.5735.90 (386bc09e8f4f2e025eddae123f36f6263096ae49-refs/branch-heads/5735@{#1052}) on port 43455
Only local connections are allowed.
Please see https://chromedriver.chromium.org/security-considerations for suggestions on keeping ChromeDriver safe.
ChromeDriver was started successfully.
Jun 29, 2023 5:50:38 PM org.openqa.selenium.devtools.CdpVersionFinder findNearestMatch
WARNING: Unable to find an exact match for CDP version 114, so returning the closest version found: 113
]]></system-err>
  </testcase>
  <testcase name="verifySignOut" classname="TestingClassPackage.TestingVerifyLogin" time="0.029">
    <system-out><![CDATA[Name of test method sucessfully executed:VerifyLogin
Name of test method started:verifySignOut
[INFO ] 2023-06-29 17:51:02.365 [main] MyStore - //////////////////Verify Sign Out/////////////////////
[INFO ] 2023-06-29 17:51:02.391 [main] MyStore - VerifySignOut - Passed
]]></system-out>
  </testcase>
</testsuite>