<?xml version="1.0" encoding="UTF-8"?>
<testng-results ignored="0" total="2" passed="2" failed="0" skipped="0">
  <reporter-output>
  </reporter-output>
  <suite started-at="2023-06-23T21:22:06 IST" name="Suite" finished-at="2023-06-23T21:22:44 IST" duration-ms="37392">
    <groups>
    </groups>
    <test started-at="2023-06-23T21:22:06 IST" name="Test" finished-at="2023-06-23T21:22:44 IST" duration-ms="37392">
      <class name="TestingClassPackage.TestingVerifyLogin">
        <test-method is-config="true" signature="setup()[pri:0, instance:TestingClassPackage.TestingVerifyLogin@367ffa75]" started-at="2023-06-23T21:22:06 IST" name="setup" finished-at="2023-06-23T21:22:25 IST" duration-ms="18640" status="PASS">
          <reporter-output>
          </reporter-output>
        </test-method> <!-- setup -->
        <test-method signature="VerifyLogin(java.lang.String,java.lang.String)[pri:0, instance:TestingClassPackage.TestingVerifyLogin@367ffa75]" started-at="2023-06-23T21:22:34 IST" name="VerifyLogin" data-provider="LoginDataProvider" finished-at="2023-06-23T21:22:44 IST" duration-ms="9654" status="PASS">
          <params>
            <param index="0">
              <value>
                <![CDATA[Tc@123]]>
              </value>
            </param>
            <param index="1">
              <value>
                <![CDATA[Dainik Chandra]]>
              </value>
            </param>
          </params>
          <reporter-output>
          </reporter-output>
        </test-method> <!-- VerifyLogin -->
        <test-method signature="verifySignOut()[pri:0, instance:TestingClassPackage.TestingVerifyLogin@367ffa75]" started-at="2023-06-23T21:22:44 IST" name="verifySignOut" finished-at="2023-06-23T21:22:44 IST" depends-on-methods="TestingClassPackage.TestingVerifyLogin.VerifyLogin" duration-ms="18" status="PASS">
          <reporter-output>
          </reporter-output>
        </test-method> <!-- verifySignOut -->
      </class> <!-- TestingClassPackage.TestingVerifyLogin -->
    </test> <!-- Test -->
  </suite> <!-- Suite -->
</testng-results>
